<?xml version="1.0" encoding="UTF-8"?>
<!-- Generated by org.testng.reporters.JUnitReportReporter -->
<testsuite hostname="LAPTOP-TAJ90AO2" failures="0" tests="4" name="excel.excelproj" time="68.781" errors="0" timestamp="2023-04-19T10:24:13 IST" skipped="0">
  <testcase classname="excel.excelproj" name="LoginUsingJXL" time="14.622"/>
  <system-out/>
  <testcase classname="excel.excelproj" name="LoginUsingJXL" time="20.990"/>
  <system-out/>
  <testcase classname="excel.excelproj" name="LoginUsingJXL" time="13.539"/>
  <system-out/>
  <testcase classname="excel.excelproj" name="LoginUsingJXL" time="19.630"/>
  <system-out/>
</testsuite> <!-- excel.excelproj -->
